{"/Users/aaron/src/personal/financial-planner/backend/api/src/api.ts": {"path":"/Users/aaron/src/personal/financial-planner/backend/api/src/api.ts","statementMap":{"0":{"start":{"line":1,"column":0},"end":{"line":1,"column":51}},"1":{"start":{"line":2,"column":0},"end":{"line":2,"column":40}},"2":{"start":{"line":3,"column":0},"end":{"line":3,"column":65}},"3":{"start":{"line":4,"column":0},"end":{"line":4,"column":57}},"4":{"start":{"line":5,"column":0},"end":{"line":5,"column":61}},"5":{"start":{"line":7,"column":25},"end":{"line":24,"column":1}},"6":{"start":{"line":8,"column":23},"end":{"line":8,"column":32}},"7":{"start":{"line":11,"column":2},"end":{"line":11,"column":26}},"8":{"start":{"line":14,"column":2},"end":{"line":14,"column":28}},"9":{"start":{"line":16,"column":15},"end":{"line":16,"column":23}},"10":{"start":{"line":17,"column":2},"end":{"line":17,"column":32}},"11":{"start":{"line":18,"column":2},"end":{"line":18,"column":18}},"12":{"start":{"line":21,"column":2},"end":{"line":21,"column":24}},"13":{"start":{"line":23,"column":2},"end":{"line":23,"column":13}},"14":{"start":{"line":7,"column":13},"end":{"line":7,"column":25}}},"fnMap":{"0":{"name":"(anonymous_6)","decl":{"start":{"line":7,"column":25},"end":{"line":7,"column":37}},"loc":{"start":{"line":7,"column":39},"end":{"line":24,"column":1}}}},"branchMap":{},"s":{"0":1,"1":1,"2":1,"3":1,"4":1,"5":1,"6":3,"7":3,"8":3,"9":3,"10":3,"11":3,"12":3,"13":3,"14":1},"f":{"0":3},"b":{}}
,"/Users/aaron/src/personal/financial-planner/backend/api/src/middleware/errorHandler.ts": {"path":"/Users/aaron/src/personal/financial-planner/backend/api/src/middleware/errorHandler.ts","statementMap":{"0":{"start":{"line":2,"column":0},"end":{"line":2,"column":48}},"1":{"start":{"line":3,"column":0},"end":{"line":3,"column":55}},"2":{"start":{"line":4,"column":0},"end":{"line":4,"column":59}},"3":{"start":{"line":5,"column":0},"end":{"line":5,"column":130}},"4":{"start":{"line":6,"column":0},"end":{"line":6,"column":100}},"5":{"start":{"line":7,"column":0},"end":{"line":7,"column":87}},"6":{"start":{"line":8,"column":0},"end":{"line":8,"column":58}},"7":{"start":{"line":11,"column":49},"end":{"line":48,"column":1}},"8":{"start":{"line":18,"column":39},"end":{"line":18,"column":43}},"9":{"start":{"line":21,"column":2},"end":{"line":23,"column":3}},"10":{"start":{"line":22,"column":4},"end":{"line":22,"column":24}},"11":{"start":{"line":26,"column":2},"end":{"line":28,"column":3}},"12":{"start":{"line":27,"column":4},"end":{"line":27,"column":64}},"13":{"start":{"line":31,"column":2},"end":{"line":36,"column":3}},"14":{"start":{"line":32,"column":20},"end":{"line":32,"column":31}},"15":{"start":{"line":33,"column":4},"end":{"line":33,"column":36}},"16":{"start":{"line":35,"column":4},"end":{"line":35,"column":57}},"17":{"start":{"line":38,"column":2},"end":{"line":42,"column":3}},"18":{"start":{"line":39,"column":4},"end":{"line":41,"column":7}},"19":{"start":{"line":45,"column":2},"end":{"line":47,"column":57}},"20":{"start":{"line":11,"column":13},"end":{"line":11,"column":49}}},"fnMap":{"0":{"name":"(anonymous_0)","decl":{"start":{"line":11,"column":49},"end":{"line":11,"column":null}},"loc":{"start":{"line":16,"column":4},"end":{"line":48,"column":1}}}},"branchMap":{"0":{"loc":{"start":{"line":21,"column":2},"end":{"line":23,"column":3}},"type":"if","locations":[{"start":{"line":21,"column":2},"end":{"line":23,"column":3}}]},"1":{"loc":{"start":{"line":26,"column":2},"end":{"line":28,"column":3}},"type":"if","locations":[{"start":{"line":26,"column":2},"end":{"line":28,"column":3}}]},"2":{"loc":{"start":{"line":31,"column":2},"end":{"line":36,"column":3}},"type":"if","locations":[{"start":{"line":31,"column":2},"end":{"line":36,"column":3}},{"start":{"line":34,"column":9},"end":{"line":36,"column":3}}]},"3":{"loc":{"start":{"line":38,"column":2},"end":{"line":42,"column":3}},"type":"if","locations":[{"start":{"line":38,"column":2},"end":{"line":42,"column":3}}]}},"s":{"0":1,"1":1,"2":1,"3":1,"4":1,"5":1,"6":1,"7":1,"8":2,"9":2,"10":0,"11":2,"12":2,"13":2,"14":2,"15":2,"16":0,"17":2,"18":0,"19":2,"20":1},"f":{"0":2},"b":{"0":[0],"1":[2],"2":[2,0],"3":[0]}}
,"/Users/aaron/src/personal/financial-planner/backend/api/src/middleware/jsonBodyParser.ts": {"path":"/Users/aaron/src/personal/financial-planner/backend/api/src/middleware/jsonBodyParser.ts","statementMap":{"0":{"start":{"line":1,"column":0},"end":{"line":1,"column":37}},"1":{"start":{"line":3,"column":13},"end":{"line":3,"column":48}}},"fnMap":{},"branchMap":{},"s":{"0":1,"1":1},"f":{},"b":{}}
,"/Users/aaron/src/personal/financial-planner/backend/api/src/middleware/openApiValidator.ts": {"path":"/Users/aaron/src/personal/financial-planner/backend/api/src/middleware/openApiValidator.ts","statementMap":{"0":{"start":{"line":1,"column":0},"end":{"line":1,"column":62}},"1":{"start":{"line":3,"column":13},"end":{"line":7,"column":3}}},"fnMap":{},"branchMap":{},"s":{"0":1,"1":1},"f":{},"b":{}}
,"/Users/aaron/src/personal/financial-planner/backend/api/src/middleware/util/convertApiErrorToErrorResponse.ts": {"path":"/Users/aaron/src/personal/financial-planner/backend/api/src/middleware/util/convertApiErrorToErrorResponse.ts","statementMap":{"0":{"start":{"line":3,"column":46},"end":{"line":9,"column":1}},"1":{"start":{"line":4,"column":36},"end":{"line":4,"column":39}},"2":{"start":{"line":5,"column":2},"end":{"line":8,"column":4}},"3":{"start":{"line":3,"column":13},"end":{"line":3,"column":46}}},"fnMap":{"0":{"name":"(anonymous_0)","decl":{"start":{"line":3,"column":46},"end":{"line":3,"column":47}},"loc":{"start":{"line":3,"column":73},"end":{"line":9,"column":1}}}},"branchMap":{},"s":{"0":1,"1":2,"2":2,"3":1},"f":{"0":2},"b":{}}
,"/Users/aaron/src/personal/financial-planner/backend/api/src/routes/index.ts": {"path":"/Users/aaron/src/personal/financial-planner/backend/api/src/routes/index.ts","statementMap":{"0":{"start":{"line":2,"column":0},"end":{"line":2,"column":48}},"1":{"start":{"line":3,"column":0},"end":{"line":3,"column":50}},"2":{"start":{"line":4,"column":0},"end":{"line":4,"column":54}},"3":{"start":{"line":5,"column":0},"end":{"line":5,"column":54}},"4":{"start":{"line":6,"column":0},"end":{"line":6,"column":54}},"5":{"start":{"line":7,"column":0},"end":{"line":7,"column":41}},"6":{"start":{"line":9,"column":28},"end":{"line":19,"column":1}},"7":{"start":{"line":10,"column":2},"end":{"line":10,"column":37}},"8":{"start":{"line":11,"column":2},"end":{"line":11,"column":40}},"9":{"start":{"line":12,"column":2},"end":{"line":12,"column":46}},"10":{"start":{"line":13,"column":2},"end":{"line":13,"column":50}},"11":{"start":{"line":14,"column":2},"end":{"line":14,"column":51}},"12":{"start":{"line":16,"column":2},"end":{"line":16,"column":31}},"13":{"start":{"line":18,"column":2},"end":{"line":18,"column":16}},"14":{"start":{"line":9,"column":13},"end":{"line":9,"column":28}}},"fnMap":{"0":{"name":"(anonymous_0)","decl":{"start":{"line":9,"column":28},"end":{"line":9,"column":29}},"loc":{"start":{"line":9,"column":55},"end":{"line":19,"column":1}}}},"branchMap":{},"s":{"0":1,"1":1,"2":1,"3":1,"4":1,"5":1,"6":1,"7":3,"8":3,"9":3,"10":3,"11":3,"12":3,"13":3,"14":1},"f":{"0":3},"b":{}}
,"/Users/aaron/src/personal/financial-planner/backend/api/src/routes/docs/getDocs.ts": {"path":"/Users/aaron/src/personal/financial-planner/backend/api/src/routes/docs/getDocs.ts","statementMap":{"0":{"start":{"line":1,"column":0},"end":{"line":1,"column":24}},"1":{"start":{"line":4,"column":23},"end":{"line":6,"column":1}},"2":{"start":{"line":5,"column":2},"end":{"line":5,"column":53}},"3":{"start":{"line":4,"column":13},"end":{"line":4,"column":23}}},"fnMap":{"0":{"name":"(anonymous_1)","decl":{"start":{"line":4,"column":23},"end":{"line":4,"column":24}},"loc":{"start":{"line":4,"column":56},"end":{"line":6,"column":1}}}},"branchMap":{},"s":{"0":1,"1":1,"2":0,"3":1},"f":{"0":0},"b":{}}
,"/Users/aaron/src/personal/financial-planner/backend/api/src/routes/folders/createFolder.ts": {"path":"/Users/aaron/src/personal/financial-planner/backend/api/src/routes/folders/createFolder.ts","statementMap":{"0":{"start":{"line":1,"column":0},"end":{"line":1,"column":35}},"1":{"start":{"line":4,"column":28},"end":{"line":8,"column":1}},"2":{"start":{"line":5,"column":19},"end":{"line":5,"column":27}},"3":{"start":{"line":6,"column":17},"end":{"line":6,"column":46}},"4":{"start":{"line":7,"column":2},"end":{"line":7,"column":23}},"5":{"start":{"line":4,"column":13},"end":{"line":4,"column":28}}},"fnMap":{"0":{"name":"(anonymous_0)","decl":{"start":{"line":4,"column":28},"end":{"line":4,"column":29}},"loc":{"start":{"line":4,"column":60},"end":{"line":8,"column":1}}}},"branchMap":{},"s":{"0":1,"1":1,"2":1,"3":1,"4":1,"5":1},"f":{"0":1},"b":{}}
,"/Users/aaron/src/personal/financial-planner/backend/api/src/routes/folders/deleteFolder.ts": {"path":"/Users/aaron/src/personal/financial-planner/backend/api/src/routes/folders/deleteFolder.ts","statementMap":{"0":{"start":{"line":1,"column":0},"end":{"line":1,"column":36}},"1":{"start":{"line":4,"column":28},"end":{"line":11,"column":1}},"2":{"start":{"line":5,"column":17},"end":{"line":5,"column":27}},"3":{"start":{"line":6,"column":15},"end":{"line":6,"column":27}},"4":{"start":{"line":8,"column":24},"end":{"line":8,"column":36}},"5":{"start":{"line":10,"column":2},"end":{"line":10,"column":30}},"6":{"start":{"line":4,"column":13},"end":{"line":4,"column":28}}},"fnMap":{"0":{"name":"(anonymous_0)","decl":{"start":{"line":4,"column":28},"end":{"line":4,"column":29}},"loc":{"start":{"line":4,"column":60},"end":{"line":11,"column":1}}}},"branchMap":{},"s":{"0":1,"1":1,"2":0,"3":0,"4":0,"5":0,"6":1},"f":{"0":0},"b":{}}
,"/Users/aaron/src/personal/financial-planner/backend/api/src/routes/folders/getFolder.ts": {"path":"/Users/aaron/src/personal/financial-planner/backend/api/src/routes/folders/getFolder.ts","statementMap":{"0":{"start":{"line":1,"column":0},"end":{"line":1,"column":36}},"1":{"start":{"line":4,"column":25},"end":{"line":9,"column":1}},"2":{"start":{"line":5,"column":27},"end":{"line":5,"column":37}},"3":{"start":{"line":7,"column":26},"end":{"line":7,"column":52}},"4":{"start":{"line":8,"column":2},"end":{"line":8,"column":23}},"5":{"start":{"line":4,"column":13},"end":{"line":4,"column":25}}},"fnMap":{"0":{"name":"(anonymous_0)","decl":{"start":{"line":4,"column":25},"end":{"line":4,"column":26}},"loc":{"start":{"line":4,"column":57},"end":{"line":9,"column":1}}}},"branchMap":{},"s":{"0":1,"1":1,"2":0,"3":0,"4":0,"5":1},"f":{"0":0},"b":{}}
,"/Users/aaron/src/personal/financial-planner/backend/api/src/routes/folders/getFolders.ts": {"path":"/Users/aaron/src/personal/financial-planner/backend/api/src/routes/folders/getFolders.ts","statementMap":{"0":{"start":{"line":1,"column":0},"end":{"line":1,"column":47}},"1":{"start":{"line":4,"column":26},"end":{"line":13,"column":1}},"2":{"start":{"line":5,"column":24},"end":{"line":5,"column":55}},"3":{"start":{"line":7,"column":18},"end":{"line":7,"column":20}},"4":{"start":{"line":8,"column":2},"end":{"line":10,"column":3}},"5":{"start":{"line":8,"column":15},"end":{"line":8,"column":16}},"6":{"start":{"line":9,"column":4},"end":{"line":9,"column":62}},"7":{"start":{"line":12,"column":2},"end":{"line":12,"column":24}},"8":{"start":{"line":4,"column":13},"end":{"line":4,"column":26}}},"fnMap":{"0":{"name":"(anonymous_0)","decl":{"start":{"line":4,"column":26},"end":{"line":4,"column":27}},"loc":{"start":{"line":4,"column":58},"end":{"line":13,"column":1}}}},"branchMap":{"0":{"loc":{"start":{"line":5,"column":24},"end":{"line":5,"column":55}},"type":"binary-expr","locations":[{"start":{"line":5,"column":24},"end":{"line":5,"column":48}},{"start":{"line":5,"column":52},"end":{"line":5,"column":55}}]}},"s":{"0":1,"1":1,"2":0,"3":0,"4":0,"5":0,"6":0,"7":0,"8":1},"f":{"0":0},"b":{"0":[0,0]}}
,"/Users/aaron/src/personal/financial-planner/backend/api/src/routes/folders/updateFolder.ts": {"path":"/Users/aaron/src/personal/financial-planner/backend/api/src/routes/folders/updateFolder.ts","statementMap":{"0":{"start":{"line":3,"column":28},"end":{"line":11,"column":1}},"1":{"start":{"line":4,"column":27},"end":{"line":4,"column":30}},"2":{"start":{"line":5,"column":13},"end":{"line":5,"column":28}},"3":{"start":{"line":6,"column":15},"end":{"line":6,"column":24}},"4":{"start":{"line":8,"column":17},"end":{"line":8,"column":29}},"5":{"start":{"line":10,"column":2},"end":{"line":10,"column":23}},"6":{"start":{"line":3,"column":13},"end":{"line":3,"column":28}}},"fnMap":{"0":{"name":"(anonymous_0)","decl":{"start":{"line":3,"column":28},"end":{"line":3,"column":29}},"loc":{"start":{"line":3,"column":60},"end":{"line":11,"column":1}}}},"branchMap":{},"s":{"0":1,"1":0,"2":0,"3":0,"4":0,"5":0,"6":1},"f":{"0":0},"b":{}}
,"/Users/aaron/src/personal/financial-planner/backend/api/src/util/isStandardError.ts": {"path":"/Users/aaron/src/personal/financial-planner/backend/api/src/util/isStandardError.ts","statementMap":{"0":{"start":{"line":2,"column":31},"end":{"line":4,"column":1}},"1":{"start":{"line":3,"column":2},"end":{"line":3,"column":30}},"2":{"start":{"line":2,"column":13},"end":{"line":2,"column":31}}},"fnMap":{"0":{"name":"(anonymous_0)","decl":{"start":{"line":2,"column":31},"end":{"line":2,"column":32}},"loc":{"start":{"line":2,"column":62},"end":{"line":4,"column":1}}}},"branchMap":{},"s":{"0":1,"1":6,"2":1},"f":{"0":6},"b":{}}
,"/Users/aaron/src/personal/financial-planner/backend/api/src/util/api-errors/ApiError.ts": {"path":"/Users/aaron/src/personal/financial-planner/backend/api/src/util/api-errors/ApiError.ts","statementMap":{"0":{"start":{"line":1,"column":0},"end":{"line":1,"column":52}},"1":{"start":{"line":2,"column":0},"end":{"line":2,"column":47}},"2":{"start":{"line":13,"column":20},"end":{"line":13,"column":47}},"3":{"start":{"line":14,"column":4},"end":{"line":14,"column":19}},"4":{"start":{"line":16,"column":4},"end":{"line":16,"column":37}},"5":{"start":{"line":17,"column":4},"end":{"line":17,"column":33}},"6":{"start":{"line":18,"column":4},"end":{"line":18,"column":37}},"7":{"start":{"line":5,"column":0},"end":{"line":5,"column":13}}},"fnMap":{"0":{"name":"(anonymous_0)","decl":{"start":{"line":9,"column":2},"end":{"line":9,"column":null}},"loc":{"start":{"line":11,"column":39},"end":{"line":19,"column":3}}}},"branchMap":{},"s":{"0":1,"1":1,"2":2,"3":2,"4":2,"5":2,"6":2,"7":1},"f":{"0":2},"b":{}}
,"/Users/aaron/src/personal/financial-planner/backend/api/src/util/api-errors/const.ts": {"path":"/Users/aaron/src/personal/financial-planner/backend/api/src/util/api-errors/const.ts","statementMap":{"0":{"start":{"line":1,"column":13},"end":{"line":1,"column":47}}},"fnMap":{},"branchMap":{},"s":{"0":1},"f":{},"b":{}}
,"/Users/aaron/src/personal/financial-planner/backend/api/src/util/api-errors/isApiError.ts": {"path":"/Users/aaron/src/personal/financial-planner/backend/api/src/util/api-errors/isApiError.ts","statementMap":{"0":{"start":{"line":1,"column":0},"end":{"line":1,"column":53}},"1":{"start":{"line":3,"column":0},"end":{"line":3,"column":47}},"2":{"start":{"line":6,"column":26},"end":{"line":8,"column":1}},"3":{"start":{"line":7,"column":2},"end":{"line":7,"column":67}},"4":{"start":{"line":6,"column":13},"end":{"line":6,"column":26}}},"fnMap":{"0":{"name":"(anonymous_0)","decl":{"start":{"line":6,"column":26},"end":{"line":6,"column":27}},"loc":{"start":{"line":6,"column":60},"end":{"line":8,"column":1}}}},"branchMap":{"0":{"loc":{"start":{"line":7,"column":9},"end":{"line":7,"column":66}},"type":"binary-expr","locations":[{"start":{"line":7,"column":9},"end":{"line":7,"column":29}},{"start":{"line":7,"column":33},"end":{"line":7,"column":66}}]}},"s":{"0":1,"1":1,"2":1,"3":2,"4":1},"f":{"0":2},"b":{"0":[2,2]}}
,"/Users/aaron/src/personal/financial-planner/backend/api/src/util/open-api-validator-errors/convertAuthorizationErrorToApiError.ts": {"path":"/Users/aaron/src/personal/financial-planner/backend/api/src/util/open-api-validator-errors/convertAuthorizationErrorToApiError.ts","statementMap":{"0":{"start":{"line":2,"column":0},"end":{"line":2,"column":50}},"1":{"start":{"line":5,"column":51},"end":{"line":26,"column":1}},"2":{"start":{"line":8,"column":41},"end":{"line":8,"column":44}},"3":{"start":{"line":10,"column":44},"end":{"line":23,"column":4}},"4":{"start":{"line":11,"column":24},"end":{"line":11,"column":28}},"5":{"start":{"line":13,"column":4},"end":{"line":15,"column":5}},"6":{"start":{"line":14,"column":6},"end":{"line":14,"column":50}},"7":{"start":{"line":17,"column":4},"end":{"line":20,"column":7}},"8":{"start":{"line":22,"column":4},"end":{"line":22,"column":36}},"9":{"start":{"line":25,"column":2},"end":{"line":25,"column":46}},"10":{"start":{"line":5,"column":13},"end":{"line":5,"column":51}}},"fnMap":{"0":{"name":"(anonymous_0)","decl":{"start":{"line":5,"column":51},"end":{"line":5,"column":null}},"loc":{"start":{"line":7,"column":14},"end":{"line":26,"column":1}}},"1":{"name":"(anonymous_1)","decl":{"start":{"line":10,"column":55},"end":{"line":10,"column":56}},"loc":{"start":{"line":10,"column":64},"end":{"line":23,"column":3}}}},"branchMap":{"0":{"loc":{"start":{"line":13,"column":4},"end":{"line":15,"column":5}},"type":"if","locations":[{"start":{"line":13,"column":4},"end":{"line":15,"column":5}}]}},"s":{"0":1,"1":1,"2":1,"3":1,"4":1,"5":1,"6":1,"7":0,"8":0,"9":1,"10":1},"f":{"0":1,"1":1},"b":{"0":[1]}}
,"/Users/aaron/src/personal/financial-planner/backend/api/src/util/open-api-validator-errors/convertBadRequestErrorToApiError.ts": {"path":"/Users/aaron/src/personal/financial-planner/backend/api/src/util/open-api-validator-errors/convertBadRequestErrorToApiError.ts","statementMap":{"0":{"start":{"line":2,"column":0},"end":{"line":2,"column":50}},"1":{"start":{"line":5,"column":48},"end":{"line":27,"column":1}},"2":{"start":{"line":6,"column":41},"end":{"line":6,"column":44}},"3":{"start":{"line":8,"column":44},"end":{"line":24,"column":4}},"4":{"start":{"line":9,"column":30},"end":{"line":9,"column":34}},"5":{"start":{"line":11,"column":37},"end":{"line":11,"column":69}},"6":{"start":{"line":11,"column":67},"end":{"line":11,"column":68}},"7":{"start":{"line":12,"column":25},"end":{"line":12,"column":43}},"8":{"start":{"line":14,"column":4},"end":{"line":16,"column":5}},"9":{"start":{"line":15,"column":6},"end":{"line":15,"column":76}},"10":{"start":{"line":18,"column":4},"end":{"line":21,"column":7}},"11":{"start":{"line":23,"column":4},"end":{"line":23,"column":36}},"12":{"start":{"line":26,"column":2},"end":{"line":26,"column":46}},"13":{"start":{"line":5,"column":13},"end":{"line":5,"column":48}}},"fnMap":{"0":{"name":"(anonymous_0)","decl":{"start":{"line":5,"column":48},"end":{"line":5,"column":49}},"loc":{"start":{"line":5,"column":78},"end":{"line":27,"column":1}}},"1":{"name":"(anonymous_1)","decl":{"start":{"line":8,"column":55},"end":{"line":8,"column":56}},"loc":{"start":{"line":8,"column":64},"end":{"line":24,"column":3}}},"2":{"name":"(anonymous_2)","decl":{"start":{"line":11,"column":60},"end":{"line":11,"column":61}},"loc":{"start":{"line":11,"column":67},"end":{"line":11,"column":68}}}},"branchMap":{"0":{"loc":{"start":{"line":14,"column":4},"end":{"line":16,"column":5}},"type":"if","locations":[{"start":{"line":14,"column":4},"end":{"line":16,"column":5}}]}},"s":{"0":1,"1":1,"2":1,"3":1,"4":1,"5":1,"6":3,"7":1,"8":1,"9":1,"10":0,"11":0,"12":1,"13":1},"f":{"0":1,"1":1,"2":3},"b":{"0":[1]}}
,"/Users/aaron/src/personal/financial-planner/backend/api/src/util/open-api-validator-errors/convertOpenApiValidatorErrorToApiError.ts": {"path":"/Users/aaron/src/personal/financial-planner/backend/api/src/util/open-api-validator-errors/convertOpenApiValidatorErrorToApiError.ts","statementMap":{"0":{"start":{"line":2,"column":0},"end":{"line":2,"column":92}},"1":{"start":{"line":3,"column":0},"end":{"line":3,"column":86}},"2":{"start":{"line":4,"column":0},"end":{"line":4,"column":88}},"3":{"start":{"line":5,"column":0},"end":{"line":5,"column":62}},"4":{"start":{"line":6,"column":0},"end":{"line":6,"column":56}},"5":{"start":{"line":9,"column":54},"end":{"line":25,"column":1}},"6":{"start":{"line":12,"column":2},"end":{"line":12,"column":43}},"7":{"start":{"line":13,"column":2},"end":{"line":13,"column":23}},"8":{"start":{"line":14,"column":2},"end":{"line":14,"column":43}},"9":{"start":{"line":16,"column":2},"end":{"line":18,"column":3}},"10":{"start":{"line":17,"column":4},"end":{"line":17,"column":52}},"11":{"start":{"line":20,"column":2},"end":{"line":22,"column":3}},"12":{"start":{"line":21,"column":4},"end":{"line":21,"column":49}},"13":{"start":{"line":24,"column":2},"end":{"line":24,"column":48}},"14":{"start":{"line":9,"column":13},"end":{"line":9,"column":54}}},"fnMap":{"0":{"name":"(anonymous_0)","decl":{"start":{"line":9,"column":54},"end":{"line":9,"column":null}},"loc":{"start":{"line":11,"column":14},"end":{"line":25,"column":1}}}},"branchMap":{"0":{"loc":{"start":{"line":16,"column":2},"end":{"line":18,"column":3}},"type":"if","locations":[{"start":{"line":16,"column":2},"end":{"line":18,"column":3}}]},"1":{"loc":{"start":{"line":20,"column":2},"end":{"line":22,"column":3}},"type":"if","locations":[{"start":{"line":20,"column":2},"end":{"line":22,"column":3}}]}},"s":{"0":1,"1":1,"2":1,"3":1,"4":1,"5":1,"6":2,"7":2,"8":2,"9":2,"10":1,"11":1,"12":1,"13":0,"14":1},"f":{"0":2},"b":{"0":[1],"1":[1]}}
,"/Users/aaron/src/personal/financial-planner/backend/api/src/util/open-api-validator-errors/convertUnknownHttpErrorToApiError.ts": {"path":"/Users/aaron/src/personal/financial-planner/backend/api/src/util/open-api-validator-errors/convertUnknownHttpErrorToApiError.ts","statementMap":{"0":{"start":{"line":2,"column":0},"end":{"line":2,"column":50}},"1":{"start":{"line":4,"column":49},"end":{"line":8,"column":1}},"2":{"start":{"line":5,"column":42},"end":{"line":5,"column":45}},"3":{"start":{"line":6,"column":2},"end":{"line":6,"column":73}},"4":{"start":{"line":7,"column":2},"end":{"line":7,"column":62}},"5":{"start":{"line":4,"column":13},"end":{"line":4,"column":49}}},"fnMap":{"0":{"name":"(anonymous_0)","decl":{"start":{"line":4,"column":49},"end":{"line":4,"column":50}},"loc":{"start":{"line":4,"column":78},"end":{"line":8,"column":1}}}},"branchMap":{},"s":{"0":1,"1":1,"2":0,"3":0,"4":0,"5":1},"f":{"0":0},"b":{}}
,"/Users/aaron/src/personal/financial-planner/backend/api/src/util/open-api-validator-errors/isAuthorizationError.ts": {"path":"/Users/aaron/src/personal/financial-planner/backend/api/src/util/open-api-validator-errors/isAuthorizationError.ts","statementMap":{"0":{"start":{"line":5,"column":0},"end":{"line":5,"column":48}},"1":{"start":{"line":7,"column":36},"end":{"line":9,"column":1}},"2":{"start":{"line":8,"column":2},"end":{"line":8,"column":80}},"3":{"start":{"line":7,"column":13},"end":{"line":7,"column":36}}},"fnMap":{"0":{"name":"(anonymous_0)","decl":{"start":{"line":7,"column":36},"end":{"line":7,"column":37}},"loc":{"start":{"line":7,"column":76},"end":{"line":9,"column":1}}}},"branchMap":{"0":{"loc":{"start":{"line":8,"column":9},"end":{"line":8,"column":79}},"type":"binary-expr","locations":[{"start":{"line":8,"column":9},"end":{"line":8,"column":48}},{"start":{"line":8,"column":52},"end":{"line":8,"column":79}}]}},"s":{"0":1,"1":1,"2":2,"3":1},"f":{"0":2},"b":{"0":[2,1]}}
,"/Users/aaron/src/personal/financial-planner/backend/api/src/util/open-api-validator-errors/isBadRequestError.ts": {"path":"/Users/aaron/src/personal/financial-planner/backend/api/src/util/open-api-validator-errors/isBadRequestError.ts","statementMap":{"0":{"start":{"line":5,"column":0},"end":{"line":5,"column":48}},"1":{"start":{"line":7,"column":33},"end":{"line":9,"column":1}},"2":{"start":{"line":8,"column":2},"end":{"line":8,"column":78}},"3":{"start":{"line":7,"column":13},"end":{"line":7,"column":33}}},"fnMap":{"0":{"name":"(anonymous_0)","decl":{"start":{"line":7,"column":33},"end":{"line":7,"column":34}},"loc":{"start":{"line":7,"column":71},"end":{"line":9,"column":1}}}},"branchMap":{"0":{"loc":{"start":{"line":8,"column":9},"end":{"line":8,"column":77}},"type":"binary-expr","locations":[{"start":{"line":8,"column":9},"end":{"line":8,"column":47}},{"start":{"line":8,"column":51},"end":{"line":8,"column":77}}]}},"s":{"0":1,"1":1,"2":1,"3":1},"f":{"0":1},"b":{"0":[1,1]}}
,"/Users/aaron/src/personal/financial-planner/backend/api/src/util/open-api-validator-errors/isOpenApiValidatorError.ts": {"path":"/Users/aaron/src/personal/financial-planner/backend/api/src/util/open-api-validator-errors/isOpenApiValidatorError.ts","statementMap":{"0":{"start":{"line":2,"column":0},"end":{"line":2,"column":53}},"1":{"start":{"line":5,"column":39},"end":{"line":8,"column":1}},"2":{"start":{"line":7,"column":2},"end":{"line":7,"column":68}},"3":{"start":{"line":5,"column":13},"end":{"line":5,"column":39}}},"fnMap":{"0":{"name":"(anonymous_0)","decl":{"start":{"line":5,"column":39},"end":{"line":5,"column":40}},"loc":{"start":{"line":5,"column":74},"end":{"line":8,"column":1}}}},"branchMap":{"0":{"loc":{"start":{"line":7,"column":9},"end":{"line":7,"column":67}},"type":"binary-expr","locations":[{"start":{"line":7,"column":9},"end":{"line":7,"column":29}},{"start":{"line":7,"column":33},"end":{"line":7,"column":48}},{"start":{"line":7,"column":52},"end":{"line":7,"column":67}}]}},"s":{"0":1,"1":1,"2":2,"3":1},"f":{"0":2},"b":{"0":[2,2,2]}}
}
