TN:
SF:src/api/index.ts
FNF:0
FNH:0
DA:1,2
DA:2,2
DA:3,2
DA:4,2
DA:5,2
DA:7,2
LF:6
LH:6
BRF:0
BRH:0
end_of_record
TN:
SF:src/api/middleware/errorHandler.ts
FN:11,(anonymous_0)
FN:15,(anonymous_1)
FN:24,(anonymous_2)
FNF:3
FNH:0
FNDA:0,(anonymous_0)
FNDA:0,(anonymous_1)
FNDA:0,(anonymous_2)
DA:2,2
DA:3,2
DA:4,2
DA:5,2
DA:6,2
DA:7,2
DA:8,2
DA:10,2
DA:11,2
DA:12,0
DA:13,0
DA:15,2
DA:16,0
DA:18,0
DA:24,2
DA:31,0
DA:32,0
DA:33,0
DA:35,0
DA:39,0
DA:40,0
DA:44,0
DA:45,0
DA:46,0
DA:50,0
DA:53,0
LF:26
LH:11
BRDA:12,0,0,0
BRDA:16,1,0,0
BRDA:31,2,0,0
BRDA:31,2,1,0
BRDA:39,3,0,0
BRDA:44,4,0,0
BRF:6
BRH:0
end_of_record
TN:
SF:src/api/middleware/jsonBodyParser.ts
FNF:0
FNH:0
DA:1,2
DA:3,2
LF:2
LH:2
BRF:0
BRH:0
end_of_record
TN:
SF:src/api/middleware/openApiValidator.ts
FNF:0
FNH:0
DA:1,2
DA:3,2
LF:2
LH:2
BRF:0
BRH:0
end_of_record
TN:
SF:src/api/middleware/util/convertApiErrorToErrorResponse.ts
FN:3,(anonymous_0)
FNF:1
FNH:0
FNDA:0,(anonymous_0)
DA:3,2
DA:4,0
DA:5,0
LF:3
LH:1
BRF:0
BRH:0
end_of_record
TN:
SF:src/api/routes/index.ts
FN:14,(anonymous_0)
FNF:1
FNH:1
FNDA:2,(anonymous_0)
DA:1,2
DA:2,2
DA:3,2
DA:4,2
DA:5,2
DA:6,2
DA:7,2
DA:8,2
DA:9,2
DA:10,2
DA:11,2
DA:12,2
DA:14,2
DA:15,2
DA:16,2
DA:17,2
DA:18,2
DA:19,2
DA:21,2
DA:22,2
DA:23,2
DA:24,2
DA:25,2
DA:27,2
LF:24
LH:24
BRF:0
BRH:0
end_of_record
TN:
SF:src/api/routes/docs/getDocs.ts
FN:4,(anonymous_1)
FNF:1
FNH:0
FNDA:0,(anonymous_1)
DA:2,2
DA:4,2
DA:5,0
LF:3
LH:2
BRF:0
BRH:0
end_of_record
TN:
SF:src/api/routes/folders/createFolder.ts
FN:4,(anonymous_0)
FNF:1
FNH:1
FNDA:3,(anonymous_0)
DA:2,2
DA:4,2
DA:7,3
DA:8,3
DA:9,3
LF:5
LH:5
BRF:0
BRH:0
end_of_record
TN:
SF:src/api/routes/folders/deleteFolder.ts
FN:4,(anonymous_0)
FNF:1
FNH:0
FNDA:0,(anonymous_0)
DA:2,2
DA:4,2
DA:7,0
DA:8,0
DA:10,0
DA:12,0
LF:6
LH:2
BRF:0
BRH:0
end_of_record
TN:
SF:src/api/routes/folders/getFolder.ts
FN:4,(anonymous_0)
FNF:1
FNH:0
FNDA:0,(anonymous_0)
DA:2,2
DA:4,2
DA:7,0
DA:9,0
DA:10,0
LF:5
LH:2
BRF:0
BRH:0
end_of_record
TN:
SF:src/api/routes/folders/getFolders.ts
FN:4,(anonymous_0)
FNF:1
FNH:0
FNDA:0,(anonymous_0)
DA:2,2
DA:4,2
DA:7,0
DA:9,0
DA:10,0
DA:11,0
DA:14,0
LF:7
LH:2
BRF:0
BRH:0
end_of_record
TN:
SF:src/api/routes/folders/updateFolder.ts
FN:3,(anonymous_0)
FNF:1
FNH:0
FNDA:0,(anonymous_0)
DA:3,2
DA:4,0
DA:5,0
DA:6,0
DA:8,0
DA:10,0
LF:6
LH:1
BRF:0
BRH:0
end_of_record
TN:
SF:src/api/routes/folders/files/createFile.ts
FN:4,(anonymous_0)
FNF:1
FNH:1
FNDA:3,(anonymous_0)
DA:2,2
DA:4,2
DA:7,3
DA:8,3
DA:9,3
LF:5
LH:5
BRF:0
BRH:0
end_of_record
TN:
SF:src/api/routes/folders/files/deleteFile.ts
FN:4,(anonymous_0)
FNF:1
FNH:0
FNDA:0,(anonymous_0)
DA:2,2
DA:4,2
DA:7,0
DA:8,0
DA:10,0
DA:12,0
LF:6
LH:2
BRF:0
BRH:0
end_of_record
TN:
SF:src/api/routes/folders/files/getFile.ts
FN:4,(anonymous_0)
FNF:1
FNH:0
FNDA:0,(anonymous_0)
DA:2,2
DA:4,2
DA:7,0
DA:9,0
DA:10,0
LF:5
LH:2
BRF:0
BRH:0
end_of_record
TN:
SF:src/api/routes/folders/files/getFiles.ts
FN:4,(anonymous_0)
FNF:1
FNH:0
FNDA:0,(anonymous_0)
DA:2,2
DA:4,2
DA:7,0
DA:9,0
DA:10,0
DA:11,0
DA:14,0
LF:7
LH:2
BRF:0
BRH:0
end_of_record
TN:
SF:src/api/routes/folders/files/updateFile.ts
FN:3,(anonymous_0)
FNF:1
FNH:0
FNDA:0,(anonymous_0)
DA:3,2
DA:4,0
DA:5,0
DA:6,0
DA:8,0
DA:10,0
LF:6
LH:1
BRF:0
BRH:0
end_of_record
TN:
SF:src/api/util/isStandardError.ts
FN:2,(anonymous_0)
FNF:1
FNH:0
FNDA:0,(anonymous_0)
DA:2,2
DA:3,0
LF:2
LH:1
BRF:0
BRH:0
end_of_record
TN:
SF:src/api/util/api-errors/ApiError.ts
FN:9,(anonymous_0)
FNF:1
FNH:0
FNDA:0,(anonymous_0)
DA:1,2
DA:2,2
DA:5,2
DA:13,0
DA:14,0
DA:16,0
DA:17,0
DA:18,0
LF:8
LH:3
BRF:0
BRH:0
end_of_record
TN:
SF:src/api/util/api-errors/const.ts
FNF:0
FNH:0
DA:1,2
LF:1
LH:1
BRF:0
BRH:0
end_of_record
TN:
SF:src/api/util/api-errors/isApiError.ts
FN:6,(anonymous_0)
FNF:1
FNH:0
FNDA:0,(anonymous_0)
DA:1,2
DA:3,2
DA:6,2
DA:7,0
LF:4
LH:3
BRDA:7,0,0,0
BRDA:7,0,1,0
BRF:2
BRH:0
end_of_record
TN:
SF:src/api/util/open-api-validator-errors/convertAuthorizationErrorToApiError.ts
FN:5,(anonymous_0)
FN:10,(anonymous_1)
FNF:2
FNH:0
FNDA:0,(anonymous_0)
FNDA:0,(anonymous_1)
DA:2,2
DA:5,2
DA:8,0
DA:10,0
DA:11,0
DA:13,0
DA:14,0
DA:17,0
DA:22,0
DA:25,0
LF:10
LH:2
BRDA:13,0,0,0
BRF:1
BRH:0
end_of_record
TN:
SF:src/api/util/open-api-validator-errors/convertBadRequestErrorToApiError.ts
FN:5,(anonymous_0)
FN:11,(anonymous_1)
FN:14,(anonymous_2)
FN:16,(anonymous_3)
FNF:4
FNH:0
FNDA:0,(anonymous_0)
FNDA:0,(anonymous_1)
FNDA:0,(anonymous_2)
FNDA:0,(anonymous_3)
DA:2,2
DA:5,2
DA:8,0
DA:11,2
DA:12,0
DA:14,0
DA:15,0
DA:16,0
DA:17,0
DA:19,0
DA:20,0
DA:21,0
DA:25,0
DA:30,0
DA:33,0
LF:15
LH:3
BRDA:19,0,0,0
BRDA:20,1,0,0
BRF:2
BRH:0
end_of_record
TN:
SF:src/api/util/open-api-validator-errors/convertOpenApiValidatorErrorToApiError.ts
FN:9,(anonymous_0)
FNF:1
FNH:0
FNDA:0,(anonymous_0)
DA:3,2
DA:4,2
DA:5,2
DA:6,2
DA:7,2
DA:9,2
DA:12,0
DA:13,0
DA:14,0
DA:16,0
DA:17,0
DA:20,0
DA:21,0
DA:24,0
LF:14
LH:6
BRDA:16,0,0,0
BRDA:20,1,0,0
BRF:2
BRH:0
end_of_record
TN:
SF:src/api/util/open-api-validator-errors/convertUnknownHttpErrorToApiError.ts
FN:4,(anonymous_0)
FNF:1
FNH:0
FNDA:0,(anonymous_0)
DA:2,2
DA:4,2
DA:5,0
DA:6,0
DA:7,0
LF:5
LH:2
BRF:0
BRH:0
end_of_record
TN:
SF:src/api/util/open-api-validator-errors/isAuthorizationError.ts
FN:7,(anonymous_0)
FNF:1
FNH:0
FNDA:0,(anonymous_0)
DA:5,2
DA:7,2
DA:8,0
LF:3
LH:2
BRDA:8,0,0,0
BRDA:8,0,1,0
BRF:2
BRH:0
end_of_record
TN:
SF:src/api/util/open-api-validator-errors/isBadRequestError.ts
FN:7,(anonymous_0)
FNF:1
FNH:0
FNDA:0,(anonymous_0)
DA:5,2
DA:7,2
DA:8,0
LF:3
LH:2
BRDA:8,0,0,0
BRDA:8,0,1,0
BRF:2
BRH:0
end_of_record
TN:
SF:src/api/util/open-api-validator-errors/isOpenApiValidatorError.ts
FN:5,(anonymous_0)
FNF:1
FNH:0
FNDA:0,(anonymous_0)
DA:2,2
DA:5,2
DA:7,0
LF:3
LH:2
BRDA:7,0,0,0
BRDA:7,0,1,0
BRDA:7,0,2,0
BRF:3
BRH:0
end_of_record
TN:
SF:src/util/setupApiModule.ts
FN:6,(anonymous_1)
FN:11,(anonymous_2)
FNF:2
FNH:2
FNDA:2,(anonymous_1)
FNDA:4,(anonymous_2)
DA:2,2
DA:6,2
DA:7,2
DA:9,2
DA:11,4
DA:12,2
DA:13,2
DA:15,2
LF:8
LH:8
BRF:0
BRH:0
end_of_record
TN:
SF:src/util/setupRoutes.ts
FN:5,(anonymous_0)
FNF:1
FNH:1
FNDA:2,(anonymous_0)
DA:1,2
DA:5,2
DA:6,2
DA:7,2
DA:8,2
LF:5
LH:5
BRF:0
BRH:0
end_of_record
